{
  "stats": {
    "suites": 1,
    "tests": 1,
    "passes": 1,
    "pending": 0,
    "failures": 0,
    "start": "2022-08-29T07:17:42.040Z",
    "end": "2022-08-29T07:17:55.844Z",
    "duration": 13804,
    "testsRegistered": 1,
    "passPercent": 100,
    "pendingPercent": 0,
    "other": 0,
    "hasOther": false,
    "skipped": 0,
    "hasSkipped": false
  },
  "results": [
    {
      "uuid": "c61b818c-e9e4-4b19-9315-d1ae610ddbc5",
      "title": "",
      "fullFile": "cypress/integration/examples/Test6.js",
      "file": "cypress/integration/examples/Test6.js",
      "beforeHooks": [],
      "afterHooks": [],
      "tests": [],
      "suites": [
        {
          "uuid": "b6fa6ffa-f283-4340-9812-10158e07be3a",
          "title": "Framework set-up",
          "fullFile": "",
          "file": "",
          "beforeHooks": [],
          "afterHooks": [],
          "tests": [
            {
              "title": "First TC",
              "fullTitle": "Framework set-up First TC",
              "timedOut": null,
              "duration": 11832,
              "state": "passed",
              "speed": "slow",
              "pass": true,
              "fail": false,
              "pending": false,
              "context": null,
              "code": "cy.visit(Cypress.env('url') + '/angularpractice/');\nconst homePage = new _HomePage.default();\nhomePage.getNameField().type(this.data.name);\nhomePage.getGender().select(this.data.gender);\nhomePage.getReflectedWithNameField().should('have.value', this.data.name);\ncy.get('input[name=\"name\"]:nth-child(2)').should('have.attr', 'minlength', '2');\nhomePage.getDisabledButton().should('be.disabled');\nhomePage.getNavigatedToShop().click();\ncy.get('h4.card-title').each((el, index, $list) => {\n  if (el.text().includes('Blackberry')) {\n    cy.get('button.btn.btn-info').eq(index).click();\n  }\n});\nconst productsPage = new _ProductsPage.default();\nproductsPage.goToCheckout().click();\nvar sum = 0;\ncy.get('tr td:nth-child(4) strong').each((el, index, $list) => {\n  const amount = el.text();\n  var res = amount.split(' ');\n  res = res[1].trim();\n  sum = Number(sum) + Number(res);\n}).then(function () {\n  cy.log(sum);\n});\ncy.get('h3 strong').then(function (element) {\n  const amount = element.text();\n  var total = amount.split(' ');\n  total = total[1].trim();\n  expect(Number(total)).to.equal(sum);\n});\nproductsPage.getCheckoutButton().click();\nproductsPage.getCountry().type('India');\nproductsPage.getSuggestion().click();\nproductsPage.checkBox().click({\n  force: true\n});\ncy.get('.ng-untouched > .btn').click();\ncy.get('.alert').then(element => {\n  const textElement = element.text();\n  expect(textElement.includes('Success'));\n});",
              "err": {},
              "uuid": "6d3517fb-43c6-45cf-bed8-eaddd63f1354",
              "parentUUID": "b6fa6ffa-f283-4340-9812-10158e07be3a",
              "isHook": false,
              "skipped": false
            }
          ],
          "suites": [],
          "passes": [
            "6d3517fb-43c6-45cf-bed8-eaddd63f1354"
          ],
          "failures": [],
          "pending": [],
          "skipped": [],
          "duration": 11832,
          "root": false,
          "rootEmpty": false,
          "_timeout": 2000
        }
      ],
      "passes": [],
      "failures": [],
      "pending": [],
      "skipped": [],
      "duration": 0,
      "root": true,
      "rootEmpty": true,
      "_timeout": 2000
    }
  ],
  "meta": {
    "mocha": {
      "version": "7.0.1"
    },
    "mochawesome": {
      "options": {
        "quiet": false,
        "reportFilename": "mochawesome",
        "saveHtml": true,
        "saveJson": true,
        "consoleReporter": "spec",
        "useInlineDiffs": false,
        "code": true
      },
      "version": "7.1.3"
    },
    "marge": {
      "options": null,
      "version": "6.2.0"
    }
  }
}